Start testing: Sep 08 07:38 UTC
----------------------------------------------------------
23/41 Testing: qwen38-target-moe-n640-materializer-cpu-contract
23/41 Test: qwen38-target-moe-n640-materializer-cpu-contract
Command: "/home/glwillen/Development/rocket-native-integration-worktree/engines/qwen38-flash-next-nvfp4-2b/build-authoritative-target-moe/qwen38-test-target-moe-n640-materializer"
Directory: /home/glwillen/Development/rocket-native-integration-worktree/engines/qwen38-flash-next-nvfp4-2b/build-authoritative-target-moe
"qwen38-target-moe-n640-materializer-cpu-contract" start time: Sep 08 07:38 UTC
Output:
----------------------------------------------------------
<end of output>
Test time =   0.81 sec
----------------------------------------------------------
Test Passed.
"qwen38-target-moe-n640-materializer-cpu-contract" end time: Sep 08 07:38 UTC
"qwen38-target-moe-n640-materializer-cpu-contract" time elapsed: 00:00:00
----------------------------------------------------------

35/41 Testing: qwen38-target-moe-n640-materializer-source-contract
35/41 Test: qwen38-target-moe-n640-materializer-source-contract
Command: "/usr/bin/python3" "/home/glwillen/Development/rocket-native-integration-worktree/engines/qwen38-flash-next-nvfp4-2b/tests/test_target_moe_n640_materializer_source.py"
Directory: /home/glwillen/Development/rocket-native-integration-worktree/engines/qwen38-flash-next-nvfp4-2b/build-authoritative-target-moe
"qwen38-target-moe-n640-materializer-source-contract" start time: Sep 08 07:38 UTC
Output:
----------------------------------------------------------
.....
----------------------------------------------------------------------
Ran 5 tests in 0.000s

OK
<end of output>
Test time =   0.03 sec
----------------------------------------------------------
Test Passed.
"qwen38-target-moe-n640-materializer-source-contract" end time: Sep 08 07:38 UTC
"qwen38-target-moe-n640-materializer-source-contract" time elapsed: 00:00:00
----------------------------------------------------------

36/41 Testing: qwen38-qsa-sidecar-owner-source-contract
36/41 Test: qwen38-qsa-sidecar-owner-source-contract
Command: "/usr/bin/python3" "/home/glwillen/Development/rocket-native-integration-worktree/engines/qwen38-flash-next-nvfp4-2b/tests/test_qsa_sidecar_owner_source.py"
Directory: /home/glwillen/Development/rocket-native-integration-worktree/engines/qwen38-flash-next-nvfp4-2b/build-authoritative-target-moe
"qwen38-qsa-sidecar-owner-source-contract" start time: Sep 08 07:38 UTC
Output:
----------------------------------------------------------
...
----------------------------------------------------------------------
Ran 3 tests in 0.000s

OK
<end of output>
Test time =   0.03 sec
----------------------------------------------------------
Test Passed.
"qwen38-qsa-sidecar-owner-source-contract" end time: Sep 08 07:38 UTC
"qwen38-qsa-sidecar-owner-source-contract" time elapsed: 00:00:00
----------------------------------------------------------

End testing: Sep 08 07:38 UTC
