Start testing: Sep 08 05:12 UTC
----------------------------------------------------------
7/33 Testing: qwen38-target-full-layer-contract
7/33 Test: qwen38-target-full-layer-contract
Command: "/home/glwillen/Development/rocket-native-integration-worktree/engines/qwen38-flash-next-nvfp4-2b/build-native-integration/qwen38-test-target-full-layer"
Directory: /home/glwillen/Development/rocket-native-integration-worktree/engines/qwen38-flash-next-nvfp4-2b/build-native-integration
"qwen38-target-full-layer-contract" start time: Sep 08 05:12 UTC
Output:
----------------------------------------------------------
qwen38 target layer-3 composition contract passed
<end of output>
Test time =   0.00 sec
----------------------------------------------------------
Test Passed.
"qwen38-target-full-layer-contract" end time: Sep 08 05:12 UTC
"qwen38-target-full-layer-contract" time elapsed: 00:00:00
----------------------------------------------------------

9/33 Testing: qwen38-native-hyperconnection-adapter-contract
9/33 Test: qwen38-native-hyperconnection-adapter-contract
Command: "/home/glwillen/Development/rocket-native-integration-worktree/engines/qwen38-flash-next-nvfp4-2b/build-native-integration/qwen38-test-native-hyperconnection-adapter"
Directory: /home/glwillen/Development/rocket-native-integration-worktree/engines/qwen38-flash-next-nvfp4-2b/build-native-integration
"qwen38-native-hyperconnection-adapter-contract" start time: Sep 08 05:12 UTC
Output:
----------------------------------------------------------
qwen38 native HC adapter type contract passed
<end of output>
Test time =   0.00 sec
----------------------------------------------------------
Test Passed.
"qwen38-native-hyperconnection-adapter-contract" end time: Sep 08 05:12 UTC
"qwen38-native-hyperconnection-adapter-contract" time elapsed: 00:00:00
----------------------------------------------------------

End testing: Sep 08 05:12 UTC
